# JRE version: OpenJDK Runtime Environment Temurin-21.0.4+7 (21.0.4+7) (build 21.0.4+7-LTS)
# Java VM: OpenJDK 64-Bit Server VM Temurin-21.0.4+7 (21.0.4+7-LTS, mixed mode, emulated-client, sharing, tiered, compressed oops, compressed class ptrs, g1 gc, windows-amd64)
GC Precious Log:
 CardTable entry size: 512
 Card Set container configuration: InlinePtr #cards 4 size 8 Array Of Cards #cards 32 size 80 Howl #buckets 8 coarsen threshold 7372 Howl Bitmap #cards 1024 size 144 coarsen threshold 921 Card regions per heap region 1 cards per card region 8192
 CPUs: 12 total, 12 available
 Memory: 31894M
 Large Page Support: Disabled
 NUMA Support: Disabled
 Compressed Oops: Enabled (Zero based)
 Heap Region Size: 4M
 Heap Min Capacity: 8M
 Heap Initial Capacity: 500M
 Heap Max Capacity: 7976M
 Pre-touch: Disabled
 Parallel Workers: 10
 Concurrent Workers: 3
 Concurrent Refinement Workers: 10
 Periodic GC: Disabled
Heap:
 garbage-first heap   total 299008K, used 198517K [0x000000060d800000, 0x0000000800000000)
  region size 4096K, 38 young (155648K), 1 survivors (4096K)
 Metaspace       used 65140K, committed 65920K, reserved 1114112K
  class space    used 9532K, committed 9920K, reserved 1048576K
GC Heap History (20 events):
Event: 0.968 GC heap before
{Heap before GC invocations=5 (full 0):
 garbage-first heap   total 57344K, used 35976K [0x000000060d800000, 0x0000000800000000)
  region size 4096K, 6 young (24576K), 1 survivors (4096K)
 Metaspace       used 26869K, committed 27456K, reserved 1114112K
  class space    used 3720K, committed 3968K, reserved 1048576K
}
Event: 0.970 GC heap after
{Heap after GC invocations=6 (full 0):
 garbage-first heap   total 57344K, used 17444K [0x000000060d800000, 0x0000000800000000)
  region size 4096K, 1 young (4096K), 1 survivors (4096K)
 Metaspace       used 26869K, committed 27456K, reserved 1114112K
  class space    used 3720K, committed 3968K, reserved 1048576K
}
Event: 1.108 GC heap before
{Heap before GC invocations=6 (full 0):
 garbage-first heap   total 57344K, used 37924K [0x000000060d800000, 0x0000000800000000)
  region size 4096K, 6 young (24576K), 1 survivors (4096K)
 Metaspace       used 29841K, committed 30464K, reserved 1114112K
  class space    used 4104K, committed 4352K, reserved 1048576K
}
Event: 1.110 GC heap after
{Heap after GC invocations=7 (full 0):
 garbage-first heap   total 57344K, used 19277K [0x000000060d800000, 0x0000000800000000)
  region size 4096K, 1 young (4096K), 1 survivors (4096K)
 Metaspace       used 29841K, committed 30464K, reserved 1114112K
  class space    used 4104K, committed 4352K, reserved 1048576K
}
Event: 1.233 GC heap before
{Heap before GC invocations=7 (full 0):
 garbage-first heap   total 57344K, used 35661K [0x000000060d800000, 0x0000000800000000)
  region size 4096K, 6 young (24576K), 1 survivors (4096K)
 Metaspace       used 34534K, committed 35136K, reserved 1114112K
  class space    used 4767K, committed 5056K, reserved 1048576K
}
Event: 1.235 GC heap after
{Heap after GC invocations=8 (full 0):
 garbage-first heap   total 286720K, used 19878K [0x000000060d800000, 0x0000000800000000)
  region size 4096K, 1 young (4096K), 1 survivors (4096K)
 Metaspace       used 34534K, committed 35136K, reserved 1114112K
  class space    used 4767K, committed 5056K, reserved 1048576K
}
Event: 1.629 GC heap before
{Heap before GC invocations=9 (full 0):
 garbage-first heap   total 81920K, used 60838K [0x000000060d800000, 0x0000000800000000)
  region size 4096K, 12 young (49152K), 1 survivors (4096K)
 Metaspace       used 46885K, committed 47552K, reserved 1114112K
  class space    used 6583K, committed 6912K, reserved 1048576K
}
Event: 1.631 GC heap after
{Heap after GC invocations=10 (full 0):
 garbage-first heap   total 81920K, used 22379K [0x000000060d800000, 0x0000000800000000)
  region size 4096K, 2 young (8192K), 2 survivors (8192K)
 Metaspace       used 46885K, committed 47552K, reserved 1114112K
  class space    used 6583K, committed 6912K, reserved 1048576K
}
Event: 1.953 GC heap before
{Heap before GC invocations=10 (full 0):
 garbage-first heap   total 81920K, used 59243K [0x000000060d800000, 0x0000000800000000)
  region size 4096K, 12 young (49152K), 2 survivors (8192K)
 Metaspace       used 56852K, committed 57472K, reserved 1114112K
  class space    used 8032K, committed 8320K, reserved 1048576K
}
Event: 1.956 GC heap after
{Heap after GC invocations=11 (full 0):
 garbage-first heap   total 81920K, used 24631K [0x000000060d800000, 0x0000000800000000)
  region size 4096K, 2 young (8192K), 2 survivors (8192K)
 Metaspace       used 56852K, committed 57472K, reserved 1114112K
  class space    used 8032K, committed 8320K, reserved 1048576K
}
Event: 1.995 GC heap before
{Heap before GC invocations=11 (full 0):
 garbage-first heap   total 81920K, used 28727K [0x000000060d800000, 0x0000000800000000)
  region size 4096K, 4 young (16384K), 2 survivors (8192K)
 Metaspace       used 58233K, committed 58880K, reserved 1114112K
  class space    used 8319K, committed 8640K, reserved 1048576K
}
Event: 1.997 GC heap after
{Heap after GC invocations=12 (full 0):
 garbage-first heap   total 81920K, used 25353K [0x000000060d800000, 0x0000000800000000)
  region size 4096K, 1 young (4096K), 1 survivors (4096K)
 Metaspace       used 58233K, committed 58880K, reserved 1114112K
  class space    used 8319K, committed 8640K, reserved 1048576K
}
Event: 2.092 GC heap before
{Heap before GC invocations=13 (full 0):
 garbage-first heap   total 81920K, used 66313K [0x000000060d800000, 0x0000000800000000)
  region size 4096K, 11 young (45056K), 1 survivors (4096K)
 Metaspace       used 58733K, committed 59392K, reserved 1114112K
  class space    used 8470K, committed 8768K, reserved 1048576K
}
Event: 2.093 GC heap after
{Heap after GC invocations=14 (full 0):
 garbage-first heap   total 81920K, used 26348K [0x000000060d800000, 0x0000000800000000)
  region size 4096K, 2 young (8192K), 2 survivors (8192K)
 Metaspace       used 58733K, committed 59392K, reserved 1114112K
  class space    used 8470K, committed 8768K, reserved 1048576K
}
Event: 2.193 GC heap before
{Heap before GC invocations=14 (full 0):
 garbage-first heap   total 81920K, used 63212K [0x000000060d800000, 0x0000000800000000)
  region size 4096K, 11 young (45056K), 2 survivors (8192K)
 Metaspace       used 60295K, committed 60992K, reserved 1114112K
  class space    used 8844K, committed 9152K, reserved 1048576K
}
Event: 2.196 GC heap after
{Heap after GC invocations=15 (full 0):
 garbage-first heap   total 81920K, used 35658K [0x000000060d800000, 0x0000000800000000)
  region size 4096K, 2 young (8192K), 2 survivors (8192K)
 Metaspace       used 60295K, committed 60992K, reserved 1114112K
  class space    used 8844K, committed 9152K, reserved 1048576K
}
Event: 2.219 GC heap before
{Heap before GC invocations=15 (full 0):
 garbage-first heap   total 81920K, used 64330K [0x000000060d800000, 0x0000000800000000)
  region size 4096K, 9 young (36864K), 2 survivors (8192K)
 Metaspace       used 60301K, committed 60992K, reserved 1114112K
  class space    used 8844K, committed 9152K, reserved 1048576K
}
Event: 2.222 GC heap after
{Heap after GC invocations=16 (full 0):
 garbage-first heap   total 81920K, used 42718K [0x000000060d800000, 0x0000000800000000)
  region size 4096K, 2 young (8192K), 2 survivors (8192K)
 Metaspace       used 60301K, committed 60992K, reserved 1114112K
  class space    used 8844K, committed 9152K, reserved 1048576K
}
Event: 2.238 GC heap before
{Heap before GC invocations=16 (full 0):
 garbage-first heap   total 81920K, used 63198K [0x000000060d800000, 0x0000000800000000)
  region size 4096K, 7 young (28672K), 2 survivors (8192K)
 Metaspace       used 60304K, committed 60992K, reserved 1114112K
  class space    used 8844K, committed 9152K, reserved 1048576K
}
Event: 2.242 GC heap after
{Heap after GC invocations=17 (full 0):
 garbage-first heap   total 299008K, used 51061K [0x000000060d800000, 0x0000000800000000)
  region size 4096K, 1 young (4096K), 1 survivors (4096K)
 Metaspace       used 60304K, committed 60992K, reserved 1114112K
  class space    used 8844K, committed 9152K, reserved 1048576K
}

